android-app/android/app/build/outputs/mapping/release/seeds.txt
com.kiriai.kiriorganization.utils.KiriCrashHandler$Companion
com.kiriai.kiriorganization.ui.viewmodels.SubscriptionViewModel_HiltModules_BindsModule_Binds_LazyMapKey
com.kiriai.kiriorganization.data.models.Conversation
com.kiriai.kiriorganization.di.NetworkModule_ProvideChatApiFactory
com.kiriai.kiriorganization.data.local.NotificationPrefs
com.kiriai.kiriorganization.di.NetworkModule
com.kiriai.kiriorganization.data.local.AuthDataStore$saveToken$2
com.kiriai.kiriorganization.MainActivity$CrashDialog$3
com.kiriai.kiriorganization.ui.screens.ChatScreenKt$ChatScreen$filePickerLauncher$1$1$1$1
com.kiriai.kiriorganization.data.local.AuthDataStore$special$$inlined$map$2
com.kiriai.kiriorganization.ui.screens.ProfileScreenKt$ProfileScreen$3$1$1
com.kiriai.kiriorganization.workers.ChatPollingWorker_Factory
com.kiriai.kiriorganization.R
com.kiriai.kiriorganization.data.repository.SubscriptionRepository$verifyPayment$1
com.kiriai.kiriorganization.MainActivity$onCreate$1$1$1$1$2$1$1
com.kiriai.kiriorganization.KiriApplication_HiltComponents$ActivityC
com.kiriai.kiriorganization.data.repository.AuthRepository
com.kiriai.kiriorganization.ui.screens.ChatScreenKt$ChatScreen$4$1$invoke$lambda$6$lambda$5$$inlined$items$default$2
com.kiriai.kiriorganization.data.local.NotificationPrefs$special$$inlined$map$1$2
com.kiriai.kiriorganization.ui.screens.ChatScreenKt$ChatScreen$5$2$invoke$lambda$17$lambda$8$lambda$7$lambda$6$$inlined$items$2
com.kiriai.kiriorganization.data.models.AuthResponse
com.kiriai.kiriorganization.KiriApplication_HiltComponents$FragmentC$Builder
com.kiriai.kiriorganization.KiriApplication_HiltComponents$ActivityRetainedC$Builder
com.kiriai.kiriorganization.ui.viewmodels.ChatViewModel$uploadFileAndSend$1
com.kiriai.kiriorganization.MainActivity$onCreate$1$1$1$1$1$1
com.kiriai.kiriorganization.KiriApplication_GeneratedInjector
com.kiriai.kiriorganization.ui.components.KiriMessageBubbleKt$KiriMessageBubble$2$1
com.kiriai.kiriorganization.DaggerKiriApplication_HiltComponents_SingletonC$ActivityRetainedCImpl
com.kiriai.kiriorganization.ui.components.KiriMessageBubbleKt
com.kiriai.kiriorganization.data.local.NotificationPrefs$special$$inlined$map$1
com.kiriai.kiriorganization.ui.components.AnimationsKt
com.kiriai.kiriorganization.ui.viewmodels.ChatViewModel$copyUriToInternalStorage$2
com.kiriai.kiriorganization.KiriApplication_HiltComponents$SingletonC
com.kiriai.kiriorganization.data.repository.SubscriptionRepository$createOrder$1
com.kiriai.kiriorganization.KiriApplication_HiltComponents
com.kiriai.kiriorganization.workers.InactivityWorker_HiltModule
com.kiriai.kiriorganization.KiriApplication_MembersInjector
com.kiriai.kiriorganization.ui.components.ComposableSingletons$KiriMessageBubbleKt$lambda-1$1
com.kiriai.kiriorganization.Hilt_MainActivity$1
com.kiriai.kiriorganization.KiriApplication_HiltComponents$ActivityCBuilderModule
com.kiriai.kiriorganization.ui.screens.ChatScreenKt$ChatScreen$5
com.kiriai.kiriorganization.ui.screens.ChatScreenKt$ChatScreen$3$1
com.kiriai.kiriorganization.data.repository.ThemeRepository$special$$inlined$map$1$2$1
com.kiriai.kiriorganization.ui.screens.ProfileScreenKt$ProfileScreen$3$1$2
com.kiriai.kiriorganization.ui.screens.ProfileScreenKt$ProfileScreen$3
com.kiriai.kiriorganization.data.local.AuthDataStore$special$$inlined$map$2$2$1
com.kiriai.kiriorganization.ui.screens.ProfileScreenKt$ProfileScreen$2$1
com.kiriai.kiriorganization.ui.theme.ThemeKt
com.kiriai.kiriorganization.MainActivity$onCreate$1$1
com.kiriai.kiriorganization.MainActivity$CrashDialog$2
com.kiriai.kiriorganization.ui.viewmodels.ChatViewModel$observeConnectivity$1$1
com.kiriai.kiriorganization.MainActivity$special$$inlined$viewModels$default$2
com.kiriai.kiriorganization.ui.viewmodels.MainViewModel_HiltModules_KeyModule_ProvideFactory$InstanceHolder
com.kiriai.kiriorganization.ui.components.KiriTextFieldKt
com.kiriai.kiriorganization.ui.screens.ChatScreenKt$ChatScreen$5$2
...
kotlinx.coroutines.flow.FlowKt__LimitKt$drop$2$1$emit$1
androidx.work.impl.Scheduler
androidx.compose.material.icons.sharp.CallSplitKt
androidx.compose.material3.internal.AnchoredDraggableKt$restartable$2$1$2
dagger.internal.MembersInjectors
android.support.v4.app.INotificationSideChannel$_Parcel
kotlin.reflect.KFunction
kotlin.ranges.ClosedFloatingPointRange
kotlinx.coroutines.flow.FlowKt__ZipKt$combine$$inlined$combineUnsafe$FlowKt__ZipKt$1
androidx.core.app.unusedapprestrictions.IUnusedAppRestrictionsBackportService
androidx.compose.material.icons.twotone.SosKt
androidx.compose.material.icons.outlined.EnergySavingsLeafKt
androidx.compose.material.icons.twotone.RoomPreferencesKt
androidx.compose.runtime.saveable.RememberSaveableKt$mutableStateSaver$1$2
androidx.compose.material.icons.twotone.ArrowForwardIosKt
androidx.compose.material.icons.rounded.SportsEsportsKt
androidx.datastore.preferences.protobuf.WireFormat$FieldType$2
androidx.compose.foundation.gestures.TapGestureDetectorKt$detectTapAndPress$2$1$3
dagger.hilt.android.internal.managers.ViewComponentManager$FragmentContextWrapper$1
androidx.compose.material.icons.outlined.OfflineBoltKt
com.google.android.gms.internal.common.zzr
androidx.compose.material.icons.filled.CallReceivedKt
javax.annotation.Nonnegative
androidx.compose.runtime.internal.ComposableLambdaImpl$invoke$1
androidx.compose.material.icons.sharp._360Kt
androidx.compose.material.icons.sharp.SmartScreenKt
androidx.work.WorkerFactory
androidx.compose.material.icons.outlined.PeopleAltKt
androidx.compose.ui.text.style.TextForegroundStyle$Companion
com.google.android.gms.auth.api.signin.GoogleSignIn
androidx.compose.material.icons.filled.DnsKt
com.google.android.gms.common.internal.service.zao
androidx.compose.material.icons.rounded.ScreenLockPortraitKt
coil.drawable.CrossfadeDrawable
androidx.compose.material.icons.sharp.WorkOutlineKt
okio.internal.ZipFilesKt$readEntry$1
com.razorpay.E$_6$
com.google.android.gms.common.internal.RootTelemetryConfiguration
androidx.compose.ui.modifier.EmptyMap
kotlinx.coroutines.EventLoopImplBase
kotlinx.coroutines.selects.SelectClause1Impl
androidx.compose.material.icons.sharp.ChatBubbleKt
androidx.vectordrawable.R$integer
androidx.compose.material.icons.sharp.CakeKt
androidx.compose.material.icons.rounded.PhoneBluetoothSpeakerKt
com.google.android.gms.common.images.ImageManager
androidx.compose.material.icons.outlined.DirectionsBusFilledKt
androidx.compose.material3.DateRangePickerKt$VerticalMonthsList$1$1
javax.annotation.meta.TypeQualifierNickname
androidx.core.text.PrecomputedTextCompat$PrecomputedTextFutureTask$PrecomputedTextCallback
dagger.hilt.processor.internal.generatesrootinput.codegen.dagger_hilt_android_lifecycle_HiltViewModel
androidx.compose.material3.TypographyKt$WhenMappings
androidx.activity.compose.ReportDrawnKt$ReportDrawnWhen$1$1
androidx.compose.ui.layout.OnGloballyPositionedModifierKt
androidx.compose.material.icons.twotone.BatteryFullKt
androidx.compose.material.icons.sharp.ConstructionKt
androidx.compose.material.icons.sharp.NextWeekKt
androidx.compose.material.icons.filled.TurnSlightRightKt
androidx.compose.foundation.contextmenu.ContextMenuColors
androidx.compose.material.icons.automirrored.filled.NextPlanKt
androidx.compose.material.icons.outlined.CasinoKt
org.intellij.markdown.flavours.gfm.TableAwareCodeSpanGeneratingProvider
androidx.compose.material.icons.rounded.HourglassDisabledKt
androidx.compose.material3.internal.Listener$switchAccessListener$1
androidx.compose.material.icons.twotone.AlbumKt
androidx.compose.material.icons.filled.DynamicFormKt
androidx.compose.material.icons.filled.UnfoldLessKt
androidx.compose.foundation.lazy.grid.LazyGridState$Companion$Saver$2
androidx.compose.material.icons.twotone.ShoppingBagKt
androidx.compose.ui.viewinterop.AndroidViewHolder
okhttp3.internal.platform.android.AndroidLogKt
androidx.compose.material.icons.automirrored.rounded.FormatIndentIncreaseKt